5: 2025-07-03 08:20:08,001 - INFO - autoreload - Watching for file changes with StatReloader
5: 2025-07-03 08:20:42,960 - ERROR - exception - Invalid HTTP_HOST header: 'localhost:8000'. You may need to add 'localhost' to ALLOWED_HOSTS.
Traceback (most recent call last):
  File "D:\Pyth_learn\Projects\django_News_project_D7\.venv\Lib\site-packages\django\core\handlers\exception.py", line 55, in inner
    response = get_response(request)
               ^^^^^^^^^^^^^^^^^^^^^
  File "D:\Pyth_learn\Projects\django_News_project_D7\.venv\Lib\site-packages\django\utils\deprecation.py", line 133, in __call__
    response = self.process_request(request)
               ^^^^^^^^^^^^^^^^^^^^^^^^^^^^^
  File "D:\Pyth_learn\Projects\django_News_project_D7\.venv\Lib\site-packages\django\middleware\common.py", line 48, in process_request
    host = request.get_host()
           ^^^^^^^^^^^^^^^^^^
  File "D:\Pyth_learn\Projects\django_News_project_D7\.venv\Lib\site-packages\django\http\request.py", line 151, in get_host
    raise DisallowedHost(msg)
django.core.exceptions.DisallowedHost: Invalid HTTP_HOST header: 'localhost:8000'. You may need to add 'localhost' to ALLOWED_HOSTS.
5: 2025-07-03 08:20:43,018 - WARNING - basehttp - "GET / HTTP/1.1" 400 84492
5: 2025-07-03 08:20:43,812 - ERROR - exception - Invalid HTTP_HOST header: 'localhost:8000'. You may need to add 'localhost' to ALLOWED_HOSTS.
Traceback (most recent call last):
  File "D:\Pyth_learn\Projects\django_News_project_D7\.venv\Lib\site-packages\django\core\handlers\exception.py", line 55, in inner
    response = get_response(request)
               ^^^^^^^^^^^^^^^^^^^^^
  File "D:\Pyth_learn\Projects\django_News_project_D7\.venv\Lib\site-packages\django\utils\deprecation.py", line 133, in __call__
    response = self.process_request(request)
               ^^^^^^^^^^^^^^^^^^^^^^^^^^^^^
  File "D:\Pyth_learn\Projects\django_News_project_D7\.venv\Lib\site-packages\django\middleware\common.py", line 48, in process_request
    host = request.get_host()
           ^^^^^^^^^^^^^^^^^^
  File "D:\Pyth_learn\Projects\django_News_project_D7\.venv\Lib\site-packages\django\http\request.py", line 151, in get_host
    raise DisallowedHost(msg)
django.core.exceptions.DisallowedHost: Invalid HTTP_HOST header: 'localhost:8000'. You may need to add 'localhost' to ALLOWED_HOSTS.
5: 2025-07-03 08:20:43,840 - WARNING - basehttp - "GET /favicon.ico HTTP/1.1" 400 84328
5: 2025-07-03 08:21:47,594 - INFO - autoreload - D:\Pyth_learn\Projects\django_News_project_D7\djangoProject_News_Portal\settings.py changed, reloading.
5: 2025-07-03 08:21:52,866 - INFO - autoreload - Watching for file changes with StatReloader
5: 2025-07-03 08:21:56,304 - ERROR - exception - Invalid HTTP_HOST header: 'localhost:8000'. You may need to add 'localhost' to ALLOWED_HOSTS.
Traceback (most recent call last):
  File "D:\Pyth_learn\Projects\django_News_project_D7\.venv\Lib\site-packages\django\core\handlers\exception.py", line 55, in inner
    response = get_response(request)
               ^^^^^^^^^^^^^^^^^^^^^
  File "D:\Pyth_learn\Projects\django_News_project_D7\.venv\Lib\site-packages\django\utils\deprecation.py", line 133, in __call__
    response = self.process_request(request)
               ^^^^^^^^^^^^^^^^^^^^^^^^^^^^^
  File "D:\Pyth_learn\Projects\django_News_project_D7\.venv\Lib\site-packages\django\middleware\common.py", line 48, in process_request
    host = request.get_host()
           ^^^^^^^^^^^^^^^^^^
  File "D:\Pyth_learn\Projects\django_News_project_D7\.venv\Lib\site-packages\django\http\request.py", line 151, in get_host
    raise DisallowedHost(msg)
django.core.exceptions.DisallowedHost: Invalid HTTP_HOST header: 'localhost:8000'. You may need to add 'localhost' to ALLOWED_HOSTS.
5: 2025-07-03 08:21:56,336 - WARNING - basehttp - "GET / HTTP/1.1" 400 84639
5: 2025-07-03 08:21:56,506 - ERROR - exception - Invalid HTTP_HOST header: 'localhost:8000'. You may need to add 'localhost' to ALLOWED_HOSTS.
Traceback (most recent call last):
  File "D:\Pyth_learn\Projects\django_News_project_D7\.venv\Lib\site-packages\django\core\handlers\exception.py", line 55, in inner
    response = get_response(request)
               ^^^^^^^^^^^^^^^^^^^^^
  File "D:\Pyth_learn\Projects\django_News_project_D7\.venv\Lib\site-packages\django\utils\deprecation.py", line 133, in __call__
    response = self.process_request(request)
               ^^^^^^^^^^^^^^^^^^^^^^^^^^^^^
  File "D:\Pyth_learn\Projects\django_News_project_D7\.venv\Lib\site-packages\django\middleware\common.py", line 48, in process_request
    host = request.get_host()
           ^^^^^^^^^^^^^^^^^^
  File "D:\Pyth_learn\Projects\django_News_project_D7\.venv\Lib\site-packages\django\http\request.py", line 151, in get_host
    raise DisallowedHost(msg)
django.core.exceptions.DisallowedHost: Invalid HTTP_HOST header: 'localhost:8000'. You may need to add 'localhost' to ALLOWED_HOSTS.
5: 2025-07-03 08:21:56,535 - WARNING - basehttp - "GET /favicon.ico HTTP/1.1" 400 84338
5: 2025-07-03 08:24:17,503 - INFO - autoreload - D:\Pyth_learn\Projects\django_News_project_D7\djangoProject_News_Portal\settings.py changed, reloading.
5: 2025-07-03 08:24:19,294 - INFO - autoreload - Watching for file changes with StatReloader
5: 2025-07-03 08:24:21,865 - INFO - basehttp - "GET / HTTP/1.1" 302 0
5: 2025-07-03 08:24:21,943 - INFO - basehttp - "GET /accounts/login/?next=/ HTTP/1.1" 200 4385
5: 2025-07-03 08:24:22,158 - INFO - basehttp - "GET /static/css/styles.css HTTP/1.1" 200 236765
5: 2025-07-03 08:24:22,759 - WARNING - basehttp - "GET /favicon.ico HTTP/1.1" 404 2914
5: 2025-07-03 08:24:38,463 - INFO - autoreload - Watching for file changes with StatReloader
5: 2025-07-03 08:31:19,548 - INFO - basehttp - "POST /accounts/login/ HTTP/1.1" 200 4514
5: 2025-07-03 08:33:22,296 - INFO - basehttp - "POST /accounts/login/ HTTP/1.1" 200 4514
5: 2025-07-03 08:33:34,229 - INFO - basehttp - "POST /accounts/login/ HTTP/1.1" 200 4514
5: 2025-07-03 08:33:37,448 - INFO - basehttp - "GET /accounts/password/reset/ HTTP/1.1" 200 3194
5: 2025-07-03 08:33:51,256 - INFO - basehttp - "POST /accounts/password/reset/ HTTP/1.1" 302 0
5: 2025-07-03 08:33:51,269 - INFO - basehttp - "GET /accounts/password/reset/done/ HTTP/1.1" 200 2589
5: 2025-07-03 08:34:10,816 - INFO - basehttp - "GET /accounts/password/reset/done/ HTTP/1.1" 200 2589
5: 2025-07-03 08:34:21,343 - INFO - basehttp - "GET /accounts/password/reset/key/4-cscvsf-fee17aecbb6dc2833370fb252d4f5db5/ HTTP/1.1" 302 0
5: 2025-07-03 08:34:21,395 - INFO - basehttp - "GET /accounts/password/reset/key/4-set-password/ HTTP/1.1" 200 3640
5: 2025-07-03 08:34:32,673 - INFO - basehttp - "POST /accounts/password/reset/key/4-set-password/ HTTP/1.1" 302 0
5: 2025-07-03 08:34:32,703 - INFO - basehttp - "GET /accounts/password/reset/key/done/ HTTP/1.1" 200 2465
5: 2025-07-03 08:34:39,287 - INFO - basehttp - "GET / HTTP/1.1" 302 0
5: 2025-07-03 08:34:39,309 - INFO - basehttp - "GET /accounts/login/?next=/ HTTP/1.1" 200 4385
5: 2025-07-03 08:34:45,732 - INFO - basehttp - "POST /accounts/login/ HTTP/1.1" 302 0
5: 2025-07-03 08:34:45,767 - INFO - basehttp - "GET / HTTP/1.1" 200 1013
5: 2025-07-03 08:34:47,704 - INFO - basehttp - "GET /news/ HTTP/1.1" 200 13832
5: 2025-07-03 08:55:31,379 - INFO - autoreload - Watching for file changes with StatReloader
5: 2025-07-03 08:55:41,529 - INFO - basehttp - "POST /sign/logout/ HTTP/1.1" 200 2512
5: 2025-07-03 08:55:43,473 - INFO - basehttp - "GET /accounts/login HTTP/1.1" 301 0
5: 2025-07-03 08:55:43,520 - INFO - basehttp - "GET /accounts/login/ HTTP/1.1" 200 4329
5: 2025-07-03 08:55:45,320 - INFO - basehttp - "GET /accounts/yandex/login/?process=login HTTP/1.1" 200 2833
5: 2025-07-03 08:55:46,923 - INFO - basehttp - "POST /accounts/yandex/login/?process=login HTTP/1.1" 302 0
5: 2025-07-03 08:59:14,193 - INFO - basehttp - "GET / HTTP/1.1" 302 0
5: 2025-07-03 08:59:14,208 - INFO - basehttp - "GET /accounts/login/?next=/ HTTP/1.1" 200 4385
5: 2025-07-03 08:59:15,728 - INFO - basehttp - "GET /accounts/yandex/login/?process=login&next=%2F HTTP/1.1" 200 2833
5: 2025-07-03 08:59:17,361 - INFO - basehttp - "POST /accounts/yandex/login/?process=login&next=%2F HTTP/1.1" 302 0
5: 2025-07-03 09:03:44,380 - INFO - autoreload - D:\Pyth_learn\Projects\django_News_project_D7\djangoProject_News_Portal\settings.py changed, reloading.
5: 2025-07-03 09:03:45,912 - INFO - autoreload - Watching for file changes with StatReloader
5: 2025-07-03 09:04:00,699 - INFO - autoreload - Watching for file changes with StatReloader
5: 2025-07-03 09:04:11,532 - INFO - basehttp - "GET / HTTP/1.1" 302 0
5: 2025-07-03 09:04:11,577 - INFO - basehttp - "GET /accounts/login/?next=/ HTTP/1.1" 200 4385
5: 2025-07-03 09:04:13,026 - INFO - basehttp - "GET /accounts/yandex/login/?process=login&next=%2F HTTP/1.1" 200 2833
5: 2025-07-03 09:04:14,428 - INFO - basehttp - "POST /accounts/yandex/login/?process=login&next=%2F HTTP/1.1" 302 0
5: 2025-07-03 09:05:26,871 - INFO - autoreload - D:\Pyth_learn\Projects\django_News_project_D7\djangoProject_News_Portal\settings.py changed, reloading.
